<?xml version="1.0" encoding="UTF-8"?>
<!-- Generated by org.testng.reporters.JUnitReportReporter -->
<testsuite ignored="0" hostname="DESKTOP-I553B27" failures="0" tests="1" name="testing.NewTest" time="36.407" errors="0" timestamp="29 oct. 2021 00:58:54 GMT" skipped="0">
  <testcase classname="testing.NewTest" name="f" time="36.407"/>
</testsuite> <!-- testing.NewTest -->
